Arguments: 
  C:\Program Files\nodejs\node.exe C:\Program Files (x86)\Yarn\bin\yarn.js add @polymer/polymer@next --flat

PATH: 
  C:\Program Files\ImageMagick-7.0.7-Q16;C:\Program Files\Microsoft MPI\Bin\;C:\WINDOWS\system32;C:\WINDOWS;C:\WINDOWS\System32\Wbem;C:\WINDOWS\System32\WindowsPowerShell\v1.0\;C:\Program Files (x86)\Yarn\bin;C:\Program Files\nodejs\;C:\Go\bin;C:\WINDOWS\System32\OpenSSH\;C:\WINDOWS\System32\LibreSSL\;C:\Program Files\Git\cmd;C:\Users\novel\AppData\Local\Microsoft\WindowsApps;C:\Program Files\Microsoft VS Code Insiders\bin;C:\Users\novel\AppData\Local\Yarn\bin;C:\Users\novel\AppData\Local\atom\bin;C:\Users\novel\AppData\Local\Microsoft\WindowsApps;C:\Users\novel\AppData\Roaming\npm;

Yarn version: 
  1.5.1

Node version: 
  8.6.0

Platform: 
  win32 x64

npm manifest: 
  {
    "name": "spin the horn tip",
    "version": "",
    "private": true,
    "devDependencies": {
      "browser-sync": "^2.7.7",
      "connect-history-api-fallback": "^1.1.0",
      "del": "^2.0.2",
      "glob-all": "^3.0.1",
      "gulp": "^3.8.5",
      "gulp-autoprefixer": "^3.1.0",
      "gulp-cache": "^0.4.0",
      "gulp-changed": "^1.0.0",
      "gulp-gh-pages": "^0.5.4",
      "gulp-html-extract": "^0.0.3",
      "gulp-if": "^2.0.0",
      "gulp-imagemin": "^2.2.1",
      "gulp-jscs": "^3.0.0",
      "gulp-jscs-stylish": "^1.1.2",
      "gulp-jshint": "^1.6.3",
      "gulp-load-plugins": "^1.1.0",
      "gulp-minify-css": "^1.2.1",
      "gulp-minify-html": "^1.0.2",
      "gulp-minify-inline": "^0.1.1",
      "gulp-rename": "^1.2.0",
      "gulp-replace": "^0.5.4",
      "gulp-size": "^2.0.0",
      "gulp-uglify": "^1.2.0",
      "gulp-useref": "^2.1.0",
      "gulp-vulcanize": "^6.0.0",
      "jshint-stylish": "^2.0.0",
      "merge-stream": "^1.0.0",
      "require-dir": "^0.3.0",
      "run-sequence": "^1.0.2",
      "vulcanize": ">= 1.4.2",
      "web-component-tester": "^3.4.0"
    },
    "scripts": {
      "test": "gulp test:local",
      "start": "gulp serve",
      "lint": "gulp lint"
    },
    "engines": {
      "node": ">=0.10.0"
    },
    "dependencies": {
      "two.js": "^0.7.0-alpha.1"
    }
  }

yarn manifest: 
  No manifest

Lockfile: 
  No lockfile

Trace: 
  Error: package.json: Name contains illegal characters
      at new MessageError (C:\Program Files (x86)\Yarn\lib\cli.js:186:110)
      at module.exports.exports.default (C:\Program Files (x86)\Yarn\lib\cli.js:37549:13)
      at C:\Program Files (x86)\Yarn\lib\cli.js:52434:51
      at Generator.next (<anonymous>)
      at step (C:\Program Files (x86)\Yarn\lib\cli.js:98:30)
      at C:\Program Files (x86)\Yarn\lib\cli.js:109:13
      at <anonymous>
